2022-08-04 09:01:47.241  INFO 24520 --- [main] cn.exrick.xboot.XbootApplication         : Starting XbootApplication using Java 1.8.0_121 on DESKTOP-JMQ2B6F with PID 24520 (F:\git_workspaces\xboot-plus-commercial\xboot-plus-back\target\classes started by cgb in F:\git_workspaces\xboot-plus-commercial\xboot-plus-back)
2022-08-04 09:01:47.335  INFO 24520 --- [main] cn.exrick.xboot.XbootApplication         : No active profile set, falling back to 1 default profile: "default"
2022-08-04 09:01:47.483  INFO 24520 --- [main] o.s.b.devtools.restart.ChangeableUrls    : The Class-Path manifest attribute in C:\Users\cgb\.m2\repository\org\apache\xmlgraphics\fop\0.94\fop-0.94.jar referenced one or more files that do not exist: file:/C:/Users/cgb/.m2/repository/org/apache/xmlgraphics/fop/0.94/avalon-framework-4.2.0.jar,file:/C:/Users/cgb/.m2/repository/org/apache/xmlgraphics/fop/0.94/batik-all-1.6.jar,file:/C:/Users/cgb/.m2/repository/org/apache/xmlgraphics/fop/0.94/commons-io-1.3.1.jar,file:/C:/Users/cgb/.m2/repository/org/apache/xmlgraphics/fop/0.94/commons-logging-1.0.4.jar,file:/C:/Users/cgb/.m2/repository/org/apache/xmlgraphics/fop/0.94/fop-hyph.jar,file:/C:/Users/cgb/.m2/repository/org/apache/xmlgraphics/fop/0.94/jai_codec.jar,file:/C:/Users/cgb/.m2/repository/org/apache/xmlgraphics/fop/0.94/jai_core.jar,file:/C:/Users/cgb/.m2/repository/org/apache/xmlgraphics/fop/0.94/jimi.jar,file:/C:/Users/cgb/.m2/repository/org/apache/xmlgraphics/fop/0.94/serializer-2.7.0.jar,file:/C:/Users/cgb/.m2/repository/org/apache/xmlgraphics/fop/0.94/servlet-2.2.jar,file:/C:/Users/cgb/.m2/repository/org/apache/xmlgraphics/fop/0.94/xalan-2.7.0.jar,file:/C:/Users/cgb/.m2/repository/org/apache/xmlgraphics/fop/0.94/xercesImpl-2.7.1.jar,file:/C:/Users/cgb/.m2/repository/org/apache/xmlgraphics/fop/0.94/xml-apis-1.3.02.jar,file:/C:/Users/cgb/.m2/repository/org/apache/xmlgraphics/fop/0.94/xmlgraphics-commons-1.2.jar,file:/C:/Users/cgb/.m2/repository/org/apache/xmlgraphics/fop/0.94/xmlunit1.0.jar
2022-08-04 09:01:47.498  INFO 24520 --- [main] o.s.b.devtools.restart.ChangeableUrls    : The Class-Path manifest attribute in C:\Users\cgb\.m2\repository\org\apache\xmlgraphics\batik-js\1.7\batik-js-1.7.jar referenced one or more files that do not exist: file:/C:/Users/cgb/.m2/repository/org/apache/xmlgraphics/batik-js/1.7/xbean.jar
2022-08-04 09:01:47.498  INFO 24520 --- [main] .e.DevToolsPropertyDefaultsPostProcessor : Devtools property defaults active! Set 'spring.devtools.add-properties' to 'false' to disable
2022-08-04 09:01:47.498  INFO 24520 --- [main] .e.DevToolsPropertyDefaultsPostProcessor : For additional web related logging consider setting the 'logging.level.web' property to 'DEBUG'
2022-08-04 09:01:53.906  INFO 24520 --- [main] .s.d.r.c.RepositoryConfigurationDelegate : Multiple Spring Data modules found, entering strict repository configuration mode!
2022-08-04 09:01:53.906  INFO 24520 --- [main] .s.d.r.c.RepositoryConfigurationDelegate : Bootstrapping Spring Data JPA repositories in DEFAULT mode.
2022-08-04 09:01:54.194  INFO 24520 --- [main] .RepositoryConfigurationExtensionSupport : Spring Data JPA - Could not safely identify store assignment for repository candidate interface cn.exrick.xboot.modules.base.dao.elasticsearch.EsLogDao. If you want this repository to be a JPA repository, consider annotating your entities with one of these annotations: javax.persistence.Entity, javax.persistence.MappedSuperclass (preferred), or consider extending one of the following types with your repository: org.springframework.data.jpa.repository.JpaRepository.
2022-08-04 09:01:54.273  INFO 24520 --- [main] .s.d.r.c.RepositoryConfigurationDelegate : Finished Spring Data repository scanning in 337 ms. Found 29 JPA repository interfaces.
2022-08-04 09:01:54.288  INFO 24520 --- [main] .s.d.r.c.RepositoryConfigurationDelegate : Multiple Spring Data modules found, entering strict repository configuration mode!
2022-08-04 09:01:54.288  INFO 24520 --- [main] .s.d.r.c.RepositoryConfigurationDelegate : Bootstrapping Spring Data Redis repositories in DEFAULT mode.
2022-08-04 09:01:54.342  INFO 24520 --- [main] .RepositoryConfigurationExtensionSupport : Spring Data Redis - Could not safely identify store assignment for repository candidate interface cn.exrick.xboot.modules.activiti.dao.ActBusinessDao. If you want this repository to be a Redis repository, consider annotating your entities with one of these annotations: org.springframework.data.redis.core.RedisHash (preferred), or consider extending one of the following types with your repository: org.springframework.data.keyvalue.repository.KeyValueRepository.
2022-08-04 09:01:54.343  INFO 24520 --- [main] .RepositoryConfigurationExtensionSupport : Spring Data Redis - Could not safely identify store assignment for repository candidate interface cn.exrick.xboot.modules.activiti.dao.ActCategoryDao. If you want this repository to be a Redis repository, consider annotating your entities with one of these annotations: org.springframework.data.redis.core.RedisHash (preferred), or consider extending one of the following types with your repository: org.springframework.data.keyvalue.repository.KeyValueRepository.
2022-08-04 09:01:54.343  INFO 24520 --- [main] .RepositoryConfigurationExtensionSupport : Spring Data Redis - Could not safely identify store assignment for repository candidate interface cn.exrick.xboot.modules.activiti.dao.ActModelDao. If you want this repository to be a Redis repository, consider annotating your entities with one of these annotations: org.springframework.data.redis.core.RedisHash (preferred), or consider extending one of the following types with your repository: org.springframework.data.keyvalue.repository.KeyValueRepository.
2022-08-04 09:01:54.344  INFO 24520 --- [main] .RepositoryConfigurationExtensionSupport : Spring Data Redis - Could not safely identify store assignment for repository candidate interface cn.exrick.xboot.modules.activiti.dao.ActNodeDao. If you want this repository to be a Redis repository, consider annotating your entities with one of these annotations: org.springframework.data.redis.core.RedisHash (preferred), or consider extending one of the following types with your repository: org.springframework.data.keyvalue.repository.KeyValueRepository.
2022-08-04 09:01:54.344  INFO 24520 --- [main] .RepositoryConfigurationExtensionSupport : Spring Data Redis - Could not safely identify store assignment for repository candidate interface cn.exrick.xboot.modules.activiti.dao.ActProcessDao. If you want this repository to be a Redis repository, consider annotating your entities with one of these annotations: org.springframework.data.redis.core.RedisHash (preferred), or consider extending one of the following types with your repository: org.springframework.data.keyvalue.repository.KeyValueRepository.
2022-08-04 09:01:54.345  INFO 24520 --- [main] .RepositoryConfigurationExtensionSupport : Spring Data Redis - Could not safely identify store assignment for repository candidate interface cn.exrick.xboot.modules.activiti.dao.business.LeaveDao. If you want this repository to be a Redis repository, consider annotating your entities with one of these annotations: org.springframework.data.redis.core.RedisHash (preferred), or consider extending one of the following types with your repository: org.springframework.data.keyvalue.repository.KeyValueRepository.
2022-08-04 09:01:54.345  INFO 24520 --- [main] .RepositoryConfigurationExtensionSupport : Spring Data Redis - Could not safely identify store assignment for repository candidate interface cn.exrick.xboot.modules.app.dao.MemberDao. If you want this repository to be a Redis repository, consider annotating your entities with one of these annotations: org.springframework.data.redis.core.RedisHash (preferred), or consider extending one of the following types with your repository: org.springframework.data.keyvalue.repository.KeyValueRepository.
2022-08-04 09:01:54.346  INFO 24520 --- [main] .RepositoryConfigurationExtensionSupport : Spring Data Redis - Could not safely identify store assignment for repository candidate interface cn.exrick.xboot.modules.autochat.dao.AutoChatDao. If you want this repository to be a Redis repository, consider annotating your entities with one of these annotations: org.springframework.data.redis.core.RedisHash (preferred), or consider extending one of the following types with your repository: org.springframework.data.keyvalue.repository.KeyValueRepository.
2022-08-04 09:01:54.348  INFO 24520 --- [main] .RepositoryConfigurationExtensionSupport : Spring Data Redis - Could not safely identify store assignment for repository candidate interface cn.exrick.xboot.modules.base.dao.DepartmentDao. If you want this repository to be a Redis repository, consider annotating your entities with one of these annotations: org.springframework.data.redis.core.RedisHash (preferred), or consider extending one of the following types with your repository: org.springframework.data.keyvalue.repository.KeyValueRepository.
2022-08-04 09:01:54.349  INFO 24520 --- [main] .RepositoryConfigurationExtensionSupport : Spring Data Redis - Could not safely identify store assignment for repository candidate interface cn.exrick.xboot.modules.base.dao.DepartmentHeaderDao. If you want this repository to be a Redis repository, consider annotating your entities with one of these annotations: org.springframework.data.redis.core.RedisHash (preferred), or consider extending one of the following types with your repository: org.springframework.data.keyvalue.repository.KeyValueRepository.
2022-08-04 09:01:54.349  INFO 24520 --- [main] .RepositoryConfigurationExtensionSupport : Spring Data Redis - Could not safely identify store assignment for repository candidate interface cn.exrick.xboot.modules.base.dao.DictDao. If you want this repository to be a Redis repository, consider annotating your entities with one of these annotations: org.springframework.data.redis.core.RedisHash (preferred), or consider extending one of the following types with your repository: org.springframework.data.keyvalue.repository.KeyValueRepository.
2022-08-04 09:01:54.350  INFO 24520 --- [main] .RepositoryConfigurationExtensionSupport : Spring Data Redis - Could not safely identify store assignment for repository candidate interface cn.exrick.xboot.modules.base.dao.DictDataDao. If you want this repository to be a Redis repository, consider annotating your entities with one of these annotations: org.springframework.data.redis.core.RedisHash (preferred), or consider extending one of the following types with your repository: org.springframework.data.keyvalue.repository.KeyValueRepository.
2022-08-04 09:01:54.351  INFO 24520 --- [main] .RepositoryConfigurationExtensionSupport : Spring Data Redis - Could not safely identify store assignment for repository candidate interface cn.exrick.xboot.modules.base.dao.LogDao. If you want this repository to be a Redis repository, consider annotating your entities with one of these annotations: org.springframework.data.redis.core.RedisHash (preferred), or consider extending one of the following types with your repository: org.springframework.data.keyvalue.repository.KeyValueRepository.
2022-08-04 09:01:54.351  INFO 24520 --- [main] .RepositoryConfigurationExtensionSupport : Spring Data Redis - Could not safely identify store assignment for repository candidate interface cn.exrick.xboot.modules.base.dao.MessageDao. If you want this repository to be a Redis repository, consider annotating your entities with one of these annotations: org.springframework.data.redis.core.RedisHash (preferred), or consider extending one of the following types with your repository: org.springframework.data.keyvalue.repository.KeyValueRepository.
2022-08-04 09:01:54.352  INFO 24520 --- [main] .RepositoryConfigurationExtensionSupport : Spring Data Redis - Could not safely identify store assignment for repository candidate interface cn.exrick.xboot.modules.base.dao.MessageSendDao. If you want this repository to be a Redis repository, consider annotating your entities with one of these annotations: org.springframework.data.redis.core.RedisHash (preferred), or consider extending one of the following types with your repository: org.springframework.data.keyvalue.repository.KeyValueRepository.
2022-08-04 09:01:54.371  INFO 24520 --- [main] .RepositoryConfigurationExtensionSupport : Spring Data Redis - Could not safely identify store assignment for repository candidate interface cn.exrick.xboot.modules.base.dao.PermissionDao. If you want this repository to be a Redis repository, consider annotating your entities with one of these annotations: org.springframework.data.redis.core.RedisHash (preferred), or consider extending one of the following types with your repository: org.springframework.data.keyvalue.repository.KeyValueRepository.
2022-08-04 09:01:54.371  INFO 24520 --- [main] .RepositoryConfigurationExtensionSupport : Spring Data Redis - Could not safely identify store assignment for repository candidate interface cn.exrick.xboot.modules.base.dao.RoleDao. If you want this repository to be a Redis repository, consider annotating your entities with one of these annotations: org.springframework.data.redis.core.RedisHash (preferred), or consider extending one of the following types with your repository: org.springframework.data.keyvalue.repository.KeyValueRepository.
2022-08-04 09:01:54.371  INFO 24520 --- [main] .RepositoryConfigurationExtensionSupport : Spring Data Redis - Could not safely identify store assignment for repository candidate interface cn.exrick.xboot.modules.base.dao.RoleDepartmentDao. If you want this repository to be a Redis repository, consider annotating your entities with one of these annotations: org.springframework.data.redis.core.RedisHash (preferred), or consider extending one of the following types with your repository: org.springframework.data.keyvalue.repository.KeyValueRepository.
2022-08-04 09:01:54.371  INFO 24520 --- [main] .RepositoryConfigurationExtensionSupport : Spring Data Redis - Could not safely identify store assignment for repository candidate interface cn.exrick.xboot.modules.base.dao.RolePermissionDao. If you want this repository to be a Redis repository, consider annotating your entities with one of these annotations: org.springframework.data.redis.core.RedisHash (preferred), or consider extending one of the following types with your repository: org.springframework.data.keyvalue.repository.KeyValueRepository.
2022-08-04 09:01:54.371  INFO 24520 --- [main] .RepositoryConfigurationExtensionSupport : Spring Data Redis - Could not safely identify store assignment for repository candidate interface cn.exrick.xboot.modules.base.dao.SettingDao. If you want this repository to be a Redis repository, consider annotating your entities with one of these annotations: org.springframework.data.redis.core.RedisHash (preferred), or consider extending one of the following types with your repository: org.springframework.data.keyvalue.repository.KeyValueRepository.
2022-08-04 09:01:54.371  INFO 24520 --- [main] .RepositoryConfigurationExtensionSupport : Spring Data Redis - Could not safely identify store assignment for repository candidate interface cn.exrick.xboot.modules.base.dao.StopWordDao. If you want this repository to be a Redis repository, consider annotating your entities with one of these annotations: org.springframework.data.redis.core.RedisHash (preferred), or consider extending one of the following types with your repository: org.springframework.data.keyvalue.repository.KeyValueRepository.
2022-08-04 09:01:54.371  INFO 24520 --- [main] .RepositoryConfigurationExtensionSupport : Spring Data Redis - Could not safely identify store assignment for repository candidate interface cn.exrick.xboot.modules.base.dao.UserDao. If you want this repository to be a Redis repository, consider annotating your entities with one of these annotations: org.springframework.data.redis.core.RedisHash (preferred), or consider extending one of the following types with your repository: org.springframework.data.keyvalue.repository.KeyValueRepository.
2022-08-04 09:01:54.371  INFO 24520 --- [main] .RepositoryConfigurationExtensionSupport : Spring Data Redis - Could not safely identify store assignment for repository candidate interface cn.exrick.xboot.modules.base.dao.UserRoleDao. If you want this repository to be a Redis repository, consider annotating your entities with one of these annotations: org.springframework.data.redis.core.RedisHash (preferred), or consider extending one of the following types with your repository: org.springframework.data.keyvalue.repository.KeyValueRepository.
2022-08-04 09:01:54.387  INFO 24520 --- [main] .RepositoryConfigurationExtensionSupport : Spring Data Redis - Could not safely identify store assignment for repository candidate interface cn.exrick.xboot.modules.base.dao.elasticsearch.EsLogDao. If you want this repository to be a Redis repository, consider annotating your entities with one of these annotations: org.springframework.data.redis.core.RedisHash (preferred), or consider extending one of the following types with your repository: org.springframework.data.keyvalue.repository.KeyValueRepository.
2022-08-04 09:01:54.387  INFO 24520 --- [main] .RepositoryConfigurationExtensionSupport : Spring Data Redis - Could not safely identify store assignment for repository candidate interface cn.exrick.xboot.modules.file.dao.FileCategoryDao. If you want this repository to be a Redis repository, consider annotating your entities with one of these annotations: org.springframework.data.redis.core.RedisHash (preferred), or consider extending one of the following types with your repository: org.springframework.data.keyvalue.repository.KeyValueRepository.
2022-08-04 09:01:54.387  INFO 24520 --- [main] .RepositoryConfigurationExtensionSupport : Spring Data Redis - Could not safely identify store assignment for repository candidate interface cn.exrick.xboot.modules.file.dao.FileDao. If you want this repository to be a Redis repository, consider annotating your entities with one of these annotations: org.springframework.data.redis.core.RedisHash (preferred), or consider extending one of the following types with your repository: org.springframework.data.keyvalue.repository.KeyValueRepository.
2022-08-04 09:01:54.387  INFO 24520 --- [main] .RepositoryConfigurationExtensionSupport : Spring Data Redis - Could not safely identify store assignment for repository candidate interface cn.exrick.xboot.modules.open.dao.ClientDao. If you want this repository to be a Redis repository, consider annotating your entities with one of these annotations: org.springframework.data.redis.core.RedisHash (preferred), or consider extending one of the following types with your repository: org.springframework.data.keyvalue.repository.KeyValueRepository.
2022-08-04 09:01:54.387  INFO 24520 --- [main] .RepositoryConfigurationExtensionSupport : Spring Data Redis - Could not safely identify store assignment for repository candidate interface cn.exrick.xboot.modules.quartz.dao.QuartzJobDao. If you want this repository to be a Redis repository, consider annotating your entities with one of these annotations: org.springframework.data.redis.core.RedisHash (preferred), or consider extending one of the following types with your repository: org.springframework.data.keyvalue.repository.KeyValueRepository.
2022-08-04 09:01:54.387  INFO 24520 --- [main] .RepositoryConfigurationExtensionSupport : Spring Data Redis - Could not safely identify store assignment for repository candidate interface cn.exrick.xboot.modules.social.dao.SocialDao. If you want this repository to be a Redis repository, consider annotating your entities with one of these annotations: org.springframework.data.redis.core.RedisHash (preferred), or consider extending one of the following types with your repository: org.springframework.data.keyvalue.repository.KeyValueRepository.
2022-08-04 09:01:54.387  INFO 24520 --- [main] .RepositoryConfigurationExtensionSupport : Spring Data Redis - Could not safely identify store assignment for repository candidate interface cn.exrick.xboot.modules.your.dao.ProjectInfoDao. If you want this repository to be a Redis repository, consider annotating your entities with one of these annotations: org.springframework.data.redis.core.RedisHash (preferred), or consider extending one of the following types with your repository: org.springframework.data.keyvalue.repository.KeyValueRepository.
2022-08-04 09:01:54.387  INFO 24520 --- [main] .s.d.r.c.RepositoryConfigurationDelegate : Finished Spring Data repository scanning in 83 ms. Found 0 Redis repository interfaces.
2022-08-04 09:01:55.797  INFO 24520 --- [main] ptablePropertiesBeanFactoryPostProcessor : Post-processing PropertySource instances
2022-08-04 09:01:55.813  INFO 24520 --- [main] c.u.j.EncryptablePropertySourceConverter : Skipping PropertySource configurationProperties [class org.springframework.boot.context.properties.source.ConfigurationPropertySourcesPropertySource
2022-08-04 09:01:55.813  INFO 24520 --- [main] c.u.j.EncryptablePropertySourceConverter : Skipping PropertySource servletConfigInitParams [class org.springframework.core.env.PropertySource$StubPropertySource
2022-08-04 09:01:55.813  INFO 24520 --- [main] c.u.j.EncryptablePropertySourceConverter : Skipping PropertySource servletContextInitParams [class org.springframework.core.env.PropertySource$StubPropertySource
2022-08-04 09:01:55.829  INFO 24520 --- [main] c.u.j.EncryptablePropertySourceConverter : Converting PropertySource systemProperties [org.springframework.core.env.PropertiesPropertySource] to EncryptableMapPropertySourceWrapper
2022-08-04 09:01:55.844  INFO 24520 --- [main] c.u.j.EncryptablePropertySourceConverter : Converting PropertySource systemEnvironment [org.springframework.boot.env.SystemEnvironmentPropertySourceEnvironmentPostProcessor$OriginAwareSystemEnvironmentPropertySource] to EncryptableSystemEnvironmentPropertySourceWrapper
2022-08-04 09:01:55.852  INFO 24520 --- [main] c.u.j.EncryptablePropertySourceConverter : Converting PropertySource random [org.springframework.boot.env.RandomValuePropertySource] to EncryptablePropertySourceWrapper
2022-08-04 09:01:55.852  INFO 24520 --- [main] c.u.j.EncryptablePropertySourceConverter : Converting PropertySource Config resource 'class path resource [application.yml]' via location 'optional:classpath:/' [org.springframework.boot.env.OriginTrackedMapPropertySource] to EncryptableMapPropertySourceWrapper
2022-08-04 09:01:55.852  INFO 24520 --- [main] c.u.j.EncryptablePropertySourceConverter : Converting PropertySource devtools [org.springframework.core.env.MapPropertySource] to EncryptableMapPropertySourceWrapper
2022-08-04 09:01:56.376  INFO 24520 --- [main] c.u.j.filter.DefaultLazyPropertyFilter   : Property Filter custom Bean not found with name 'encryptablePropertyFilter'. Initializing Default Property Filter
2022-08-04 09:01:56.414  INFO 24520 --- [main] c.u.j.r.DefaultLazyPropertyResolver      : Property Resolver custom Bean not found with name 'encryptablePropertyResolver'. Initializing Default Property Resolver
2022-08-04 09:01:56.420  INFO 24520 --- [main] c.u.j.d.DefaultLazyPropertyDetector      : Property Detector custom Bean not found with name 'encryptablePropertyDetector'. Initializing Default Property Detector
2022-08-04 09:01:56.438  INFO 24520 --- [main] trationDelegate$BeanPostProcessorChecker : Bean 'redisCacheConfig' of type [cn.exrick.xboot.config.cache.RedisCacheConfig$$EnhancerBySpringCGLIB$$1] is not eligible for getting processed by all BeanPostProcessors (for example: not eligible for auto-proxying)
2022-08-04 09:01:56.626  INFO 24520 --- [main] trationDelegate$BeanPostProcessorChecker : Bean 'org.springframework.security.access.expression.method.DefaultMethodSecurityExpressionHandler@707f4647' of type [org.springframework.security.access.expression.method.DefaultMethodSecurityExpressionHandler] is not eligible for getting processed by all BeanPostProcessors (for example: not eligible for auto-proxying)
2022-08-04 09:01:56.654  INFO 24520 --- [main] trationDelegate$BeanPostProcessorChecker : Bean 'methodSecurityMetadataSource' of type [org.springframework.security.access.method.DelegatingMethodSecurityMetadataSource] is not eligible for getting processed by all BeanPostProcessors (for example: not eligible for auto-proxying)
2022-08-04 09:01:58.924  INFO 24520 --- [main] o.s.b.w.embedded.tomcat.TomcatWebServer  : Tomcat initialized with port(s): 8888 (http)
2022-08-04 09:01:59.048  INFO 24520 --- [main] o.apache.catalina.core.StandardService   : Starting service [Tomcat]
2022-08-04 09:01:59.049  INFO 24520 --- [main] org.apache.catalina.core.StandardEngine  : Starting Servlet engine: [Apache Tomcat/9.0.60]
2022-08-04 09:01:59.493  INFO 24520 --- [main] o.a.c.c.C.[Tomcat].[localhost].[/]       : Initializing Spring embedded WebApplicationContext
2022-08-04 09:01:59.493  INFO 24520 --- [main] w.s.c.ServletWebServerApplicationContext : Root WebApplicationContext: initialization completed in 11995 ms
2022-08-04 09:01:59.801  INFO 24520 --- [main] c.a.d.s.b.a.DruidDataSourceAutoConfigure : Init DruidDataSource
2022-08-04 09:02:00.082  INFO 24520 --- [main] com.alibaba.druid.pool.DruidDataSource   : {dataSource-1} inited
2022-08-04 09:02:00.588  INFO 24520 --- [main] o.hibernate.jpa.internal.util.LogHelper  : HHH000204: Processing PersistenceUnitInfo [name: default]
2022-08-04 09:02:00.686  INFO 24520 --- [main] org.hibernate.Version                    : HHH000412: Hibernate ORM core version 5.4.33
2022-08-04 09:02:00.686  INFO 24520 --- [main] org.hibernate.cfg.Environment            : HHH000205: Loaded properties from resource hibernate.properties: {hibernate.bytecode.use_reflection_optimizer=false, hibernate.dialect.storage_engine=innodb}
2022-08-04 09:02:00.905  INFO 24520 --- [main] o.hibernate.annotations.common.Version   : HCANN000001: Hibernate Commons Annotations {5.1.2.Final}
2022-08-04 09:02:01.502  INFO 24520 --- [main] org.hibernate.dialect.Dialect            : HHH000400: Using dialect: org.hibernate.dialect.MySQL8Dialect
2022-08-04 09:02:03.575  INFO 24520 --- [main] o.h.e.t.j.p.i.JtaPlatformInitiator       : HHH000490: Using JtaPlatform implementation: [org.hibernate.engine.transaction.jta.platform.internal.NoJtaPlatform]
2022-08-04 09:02:03.606  INFO 24520 --- [main] j.LocalContainerEntityManagerFactoryBean : Initialized JPA EntityManagerFactory for persistence unit 'default'
2022-08-04 09:02:04.293  WARN 24520 --- [main] c.e.x.c.s.p.MyFilterSecurityInterceptor  : Could not validate configuration attributes as the SecurityMetadataSource did not return any attributes from getAllConfigAttributes()
2022-08-04 09:02:04.653  INFO 24520 --- [main] org.redisson.Version                     : Redisson 3.16.8
2022-08-04 09:02:06.537  INFO 24520 --- [redisson-netty-2-13] o.r.c.pool.MasterPubSubConnectionPool    : 1 connections initialized for 127.0.0.1/127.0.0.1:6379
2022-08-04 09:02:06.568  INFO 24520 --- [redisson-netty-2-20] o.r.c.pool.MasterConnectionPool          : 24 connections initialized for 127.0.0.1/127.0.0.1:6379
2022-08-04 09:02:08.934  WARN 24520 --- [main] JpaBaseConfiguration$JpaWebConfiguration : spring.jpa.open-in-view is enabled by default. Therefore, database queries may be performed during view rendering. Explicitly configure spring.jpa.open-in-view to disable this warning
2022-08-04 09:02:10.080  INFO 24520 --- [main] o.a.engine.impl.ProcessEngineImpl        : ProcessEngine default created
2022-08-04 09:02:10.080  INFO 24520 --- [main] o.a.e.i.a.AbstractAsyncJobExecutor       : Starting up the default async job executor [org.activiti.spring.SpringAsyncExecutor].
2022-08-04 09:02:10.080  INFO 24520 --- [Thread-72] o.a.e.i.a.AcquireAsyncJobsDueRunnable    : starting to acquire async jobs due
2022-08-04 09:02:10.080  INFO 24520 --- [Thread-71] o.a.e.i.a.AcquireTimerJobsRunnable       : starting to acquire async jobs due
2022-08-04 09:02:11.790  INFO 24520 --- [main] org.quartz.impl.StdSchedulerFactory      : Using default implementation for ThreadExecutor
2022-08-04 09:02:11.804  INFO 24520 --- [main] org.quartz.core.SchedulerSignalerImpl    : Initialized Scheduler Signaller of type: class org.quartz.core.SchedulerSignalerImpl
2022-08-04 09:02:11.804  INFO 24520 --- [main] org.quartz.core.QuartzScheduler          : Quartz Scheduler v.2.3.2 created.
2022-08-04 09:02:11.804  INFO 24520 --- [main] o.s.s.quartz.LocalDataSourceJobStore     : Using db table-based data access locking (synchronization).
2022-08-04 09:02:11.804  INFO 24520 --- [main] o.s.s.quartz.LocalDataSourceJobStore     : JobStoreCMT initialized.
2022-08-04 09:02:11.804  INFO 24520 --- [main] org.quartz.core.QuartzScheduler          : Scheduler meta-data: Quartz Scheduler (v2.3.2) 'quartzScheduler' with instanceId 'NON_CLUSTERED'
  Scheduler class: 'org.quartz.core.QuartzScheduler' - running locally.
  NOT STARTED.
  Currently in standby mode.
  Number of jobs executed: 0
  Using thread pool 'org.quartz.simpl.SimpleThreadPool' - with 10 threads.
  Using job-store 'org.springframework.scheduling.quartz.LocalDataSourceJobStore' - which supports persistence. and is not clustered.

2022-08-04 09:02:11.804  INFO 24520 --- [main] org.quartz.impl.StdSchedulerFactory      : Quartz scheduler 'quartzScheduler' initialized from an externally provided properties instance.
2022-08-04 09:02:11.804  INFO 24520 --- [main] org.quartz.impl.StdSchedulerFactory      : Quartz scheduler version: 2.3.2
2022-08-04 09:02:11.804  INFO 24520 --- [main] org.quartz.core.QuartzScheduler          : JobFactory set to: org.springframework.scheduling.quartz.SpringBeanJobFactory@587efefa
2022-08-04 09:02:12.635  INFO 24520 --- [main] o.s.b.a.e.web.EndpointLinksResolver      : Exposing 15 endpoint(s) beneath base path '/xboot/actuator'
2022-08-04 09:02:12.787  INFO 24520 --- [main] pertySourcedRequestMappingHandlerMapping : Mapped URL path [/v2/api-docs] onto method [springfox.documentation.swagger2.web.Swagger2ControllerWebMvc#getDocumentation(String, HttpServletRequest)]
2022-08-04 09:02:13.136  INFO 24520 --- [main] o.s.b.d.a.OptionalLiveReloadServer       : LiveReload server is running on port 35729
2022-08-04 09:02:15.739  INFO 24520 --- [main] o.s.d.elasticsearch.support.VersionInfo  : Version Spring Data Elasticsearch: 4.2.10
2022-08-04 09:02:15.739  INFO 24520 --- [main] o.s.d.elasticsearch.support.VersionInfo  : Version Elasticsearch Client in build: 7.12.1
2022-08-04 09:02:15.740  INFO 24520 --- [main] o.s.d.elasticsearch.support.VersionInfo  : Version Elasticsearch Client used: 7.12.1
2022-08-04 09:02:15.875  WARN 24520 --- [main] .s.s.UserDetailsServiceAutoConfiguration : 

Using generated security password: aa3d7fb2-a95a-4ad8-ad62-44948fbfd034

This generated password is for development use only. Your security configuration must be updated before running your application in production.

2022-08-04 09:02:16.028  INFO 24520 --- [main] o.s.s.web.DefaultSecurityFilterChain     : Will not secure any request
2022-08-04 09:02:16.242  INFO 24520 --- [main] o.s.b.w.embedded.tomcat.TomcatWebServer  : Tomcat started on port(s): 8888 (http) with context path ''
2022-08-04 09:02:16.242  INFO 24520 --- [main] u.j.c.RefreshScopeRefreshedEventListener : Refreshing cached encryptable property sources on ServletWebServerInitializedEvent
2022-08-04 09:02:16.242  INFO 24520 --- [main] CachingDelegateEncryptablePropertySource : Property Source systemProperties refreshed
2022-08-04 09:02:16.242  INFO 24520 --- [main] CachingDelegateEncryptablePropertySource : Property Source systemEnvironment refreshed
2022-08-04 09:02:16.242  INFO 24520 --- [main] CachingDelegateEncryptablePropertySource : Property Source random refreshed
2022-08-04 09:02:16.242  INFO 24520 --- [main] CachingDelegateEncryptablePropertySource : Property Source Config resource 'class path resource [application.yml]' via location 'optional:classpath:/' refreshed
2022-08-04 09:02:16.242  INFO 24520 --- [main] CachingDelegateEncryptablePropertySource : Property Source devtools refreshed
2022-08-04 09:02:16.242  INFO 24520 --- [main] c.u.j.EncryptablePropertySourceConverter : Converting PropertySource server.ports [org.springframework.core.env.MapPropertySource] to EncryptableMapPropertySourceWrapper
2022-08-04 09:02:16.242  INFO 24520 --- [main] c.u.j.EncryptablePropertySourceConverter : Skipping PropertySource configurationProperties [class org.springframework.boot.context.properties.source.ConfigurationPropertySourcesPropertySource
2022-08-04 09:02:16.242  INFO 24520 --- [main] c.u.j.EncryptablePropertySourceConverter : Skipping PropertySource servletConfigInitParams [class org.springframework.core.env.PropertySource$StubPropertySource
2022-08-04 09:02:16.242  INFO 24520 --- [main] c.u.j.EncryptablePropertySourceConverter : Converting PropertySource servletContextInitParams [org.springframework.web.context.support.ServletContextPropertySource] to EncryptableEnumerablePropertySourceWrapper
2022-08-04 09:02:16.242  INFO 24520 --- [main] c.u.j.EncryptablePropertySourceConverter : Converting PropertySource Management Server [org.springframework.boot.actuate.autoconfigure.web.server.ManagementContextAutoConfiguration$SameManagementContextConfiguration$1] to EncryptablePropertySourceWrapper
2022-08-04 09:02:16.242  INFO 24520 --- [main] d.s.w.p.DocumentationPluginsBootstrapper : Documentation plugins bootstrapped
2022-08-04 09:02:16.242  INFO 24520 --- [main] d.s.w.p.DocumentationPluginsBootstrapper : Found 2 custom documentation plugin(s)
2022-08-04 09:02:16.355  INFO 24520 --- [main] s.d.s.w.s.ApiListingReferenceScanner     : Scanning for api listing references
2022-08-04 09:02:16.570  INFO 24520 --- [main] .d.s.w.r.o.CachingOperationNameGenerator : Generating unique operation named: delByIdsUsingPOST_1
2022-08-04 09:02:16.585  INFO 24520 --- [main] .d.s.w.r.o.CachingOperationNameGenerator : Generating unique operation named: delByIdsUsingPOST_2
2022-08-04 09:02:16.601  INFO 24520 --- [main] .d.s.w.r.o.CachingOperationNameGenerator : Generating unique operation named: getByConditionUsingGET_1
2022-08-04 09:02:16.617  INFO 24520 --- [main] .d.s.w.r.o.CachingOperationNameGenerator : Generating unique operation named: delByIdsUsingPOST_3
2022-08-04 09:02:16.617  INFO 24520 --- [main] .d.s.w.r.o.CachingOperationNameGenerator : Generating unique operation named: getByConditionUsingGET_2
2022-08-04 09:02:16.649  INFO 24520 --- [main] .d.s.w.r.o.CachingOperationNameGenerator : Generating unique operation named: updateStatusUsingPOST_1
2022-08-04 09:02:16.688  WARN 24520 --- [main] s.d.s.w.r.p.ParameterDataTypeReader      : Trying to infer dataType java.lang.String[]
2022-08-04 09:02:16.688  INFO 24520 --- [main] .d.s.w.r.o.CachingOperationNameGenerator : Generating unique operation named: delByIdsUsingPOST_4
2022-08-04 09:02:16.703  INFO 24520 --- [main] .d.s.w.r.o.CachingOperationNameGenerator : Generating unique operation named: getByConditionUsingGET_3
2022-08-04 09:02:16.719  INFO 24520 --- [main] .d.s.w.r.o.CachingOperationNameGenerator : Generating unique operation named: getUsingGET_1
2022-08-04 09:02:16.719  INFO 24520 --- [main] .d.s.w.r.o.CachingOperationNameGenerator : Generating unique operation named: saveUsingPOST_1
2022-08-04 09:02:16.719  INFO 24520 --- [main] .d.s.w.r.o.CachingOperationNameGenerator : Generating unique operation named: updateUsingPUT_1
2022-08-04 09:02:16.719  WARN 24520 --- [main] s.d.s.w.r.p.ParameterDataTypeReader      : Trying to infer dataType java.lang.String[]
2022-08-04 09:02:16.719  INFO 24520 --- [main] .d.s.w.r.o.CachingOperationNameGenerator : Generating unique operation named: delByIdsUsingPOST_5
2022-08-04 09:02:16.735  INFO 24520 --- [main] .d.s.w.r.o.CachingOperationNameGenerator : Generating unique operation named: getAllUsingGET_1
2022-08-04 09:02:16.735  INFO 24520 --- [main] .d.s.w.r.o.CachingOperationNameGenerator : Generating unique operation named: getByConditionUsingGET_4
2022-08-04 09:02:16.735  INFO 24520 --- [main] .d.s.w.r.o.CachingOperationNameGenerator : Generating unique operation named: getByPageUsingGET_1
2022-08-04 09:02:16.735  INFO 24520 --- [main] .d.s.w.r.o.CachingOperationNameGenerator : Generating unique operation named: addUsingPOST_1
2022-08-04 09:02:16.735  INFO 24520 --- [main] .d.s.w.r.o.CachingOperationNameGenerator : Generating unique operation named: delByIdsUsingPOST_6
2022-08-04 09:02:16.752  INFO 24520 --- [main] .d.s.w.r.o.CachingOperationNameGenerator : Generating unique operation named: editUsingPOST_1
2022-08-04 09:02:16.756  INFO 24520 --- [main] .d.s.w.r.o.CachingOperationNameGenerator : Generating unique operation named: getByParentIdUsingGET_1
2022-08-04 09:02:16.756  INFO 24520 --- [main] .d.s.w.r.o.CachingOperationNameGenerator : Generating unique operation named: searchByTitleUsingGET_1
2022-08-04 09:02:16.756  INFO 24520 --- [main] .d.s.w.r.o.CachingOperationNameGenerator : Generating unique operation named: addUsingPOST_2
2022-08-04 09:02:16.756  INFO 24520 --- [main] .d.s.w.r.o.CachingOperationNameGenerator : Generating unique operation named: editUsingPOST_2
2022-08-04 09:02:16.756  INFO 24520 --- [main] .d.s.w.r.o.CachingOperationNameGenerator : Generating unique operation named: getAllUsingGET_2
2022-08-04 09:02:16.756  INFO 24520 --- [main] .d.s.w.r.o.CachingOperationNameGenerator : Generating unique operation named: addUsingPOST_3
2022-08-04 09:02:16.772  INFO 24520 --- [main] .d.s.w.r.o.CachingOperationNameGenerator : Generating unique operation named: delByIdsUsingPOST_7
2022-08-04 09:02:16.772  INFO 24520 --- [main] .d.s.w.r.o.CachingOperationNameGenerator : Generating unique operation named: editUsingPOST_3
2022-08-04 09:02:16.772  INFO 24520 --- [main] .d.s.w.r.o.CachingOperationNameGenerator : Generating unique operation named: getByConditionUsingGET_5
2022-08-04 09:02:16.788  INFO 24520 --- [main] .d.s.w.r.o.CachingOperationNameGenerator : Generating unique operation named: addUsingPOST_4
2022-08-04 09:02:16.788  INFO 24520 --- [main] .d.s.w.r.o.CachingOperationNameGenerator : Generating unique operation named: delByIdsUsingPOST_8
2022-08-04 09:02:16.788  INFO 24520 --- [main] .d.s.w.r.o.CachingOperationNameGenerator : Generating unique operation named: editUsingPOST_4
2022-08-04 09:02:16.803  INFO 24520 --- [main] .d.s.w.r.o.CachingOperationNameGenerator : Generating unique operation named: getByConditionUsingGET_6
2022-08-04 09:02:16.803  INFO 24520 --- [main] .d.s.w.r.o.CachingOperationNameGenerator : Generating unique operation named: searchByTitleUsingGET_2
2022-08-04 09:02:16.803  INFO 24520 --- [main] .d.s.w.r.o.CachingOperationNameGenerator : Generating unique operation named: getFileListUsingGET_1
2022-08-04 09:02:16.803  INFO 24520 --- [main] .d.s.w.r.o.CachingOperationNameGenerator : Generating unique operation named: clearTrashUsingGET_1
2022-08-04 09:02:16.803  INFO 24520 --- [main] .d.s.w.r.o.CachingOperationNameGenerator : Generating unique operation named: collectUsingPOST_1
2022-08-04 09:02:16.819  INFO 24520 --- [main] .d.s.w.r.o.CachingOperationNameGenerator : Generating unique operation named: copyUsingPOST_1
2022-08-04 09:02:16.819  INFO 24520 --- [main] .d.s.w.r.o.CachingOperationNameGenerator : Generating unique operation named: deleteUsingPOST_1
2022-08-04 09:02:16.819  INFO 24520 --- [main] .d.s.w.r.o.CachingOperationNameGenerator : Generating unique operation named: renameUserFileUsingPOST_1
2022-08-04 09:02:16.819  INFO 24520 --- [main] .d.s.w.r.o.CachingOperationNameGenerator : Generating unique operation named: trashUsingPOST_1
2022-08-04 09:02:16.819  INFO 24520 --- [main] .d.s.w.r.o.CachingOperationNameGenerator : Generating unique operation named: getFileListUsingGET_2
2022-08-04 09:02:16.819  INFO 24520 --- [main] .d.s.w.r.o.CachingOperationNameGenerator : Generating unique operation named: loginUsingGET_1
2022-08-04 09:02:16.819  INFO 24520 --- [main] .d.s.w.r.o.CachingOperationNameGenerator : Generating unique operation named: callbackUsingGET_1
2022-08-04 09:02:16.835  INFO 24520 --- [main] .d.s.w.r.o.CachingOperationNameGenerator : Generating unique operation named: getUsingGET_2
2022-08-04 09:02:16.835  INFO 24520 --- [main] .d.s.w.r.o.CachingOperationNameGenerator : Generating unique operation named: saveUsingPOST_2
2022-08-04 09:02:16.835  INFO 24520 --- [main] .d.s.w.r.o.CachingOperationNameGenerator : Generating unique operation named: updateUsingPUT_2
2022-08-04 09:02:16.835  INFO 24520 --- [main] .d.s.w.r.o.CachingOperationNameGenerator : Generating unique operation named: addUsingPOST_5
2022-08-04 09:02:16.835  WARN 24520 --- [main] s.d.s.w.r.p.ParameterDataTypeReader      : Trying to infer dataType java.lang.String[]
2022-08-04 09:02:16.835  INFO 24520 --- [main] .d.s.w.r.o.CachingOperationNameGenerator : Generating unique operation named: delByIdsUsingPOST_9
2022-08-04 09:02:16.835  INFO 24520 --- [main] .d.s.w.r.o.CachingOperationNameGenerator : Generating unique operation named: getAllUsingGET_3
2022-08-04 09:02:16.835  INFO 24520 --- [main] .d.s.w.r.o.CachingOperationNameGenerator : Generating unique operation named: getByPageUsingGET_2
2022-08-04 09:02:16.853  INFO 24520 --- [main] .d.s.w.r.o.CachingOperationNameGenerator : Generating unique operation named: delByIdsUsingPOST_10
2022-08-04 09:02:16.857  INFO 24520 --- [main] .d.s.w.r.o.CachingOperationNameGenerator : Generating unique operation named: getUsingGET_3
2022-08-04 09:02:16.857  INFO 24520 --- [main] .d.s.w.r.o.CachingOperationNameGenerator : Generating unique operation named: getByConditionUsingGET_7
2022-08-04 09:02:16.872  INFO 24520 --- [main] .d.s.w.r.o.CachingOperationNameGenerator : Generating unique operation named: getUsingGET_4
2022-08-04 09:02:16.872  INFO 24520 --- [main] .d.s.w.r.o.CachingOperationNameGenerator : Generating unique operation named: saveUsingPOST_3
2022-08-04 09:02:16.872  INFO 24520 --- [main] .d.s.w.r.o.CachingOperationNameGenerator : Generating unique operation named: updateUsingPUT_3
2022-08-04 09:02:16.872  WARN 24520 --- [main] s.d.s.w.r.p.ParameterDataTypeReader      : Trying to infer dataType java.lang.String[]
2022-08-04 09:02:16.872  INFO 24520 --- [main] .d.s.w.r.o.CachingOperationNameGenerator : Generating unique operation named: delByIdsUsingPOST_11
2022-08-04 09:02:16.872  INFO 24520 --- [main] .d.s.w.r.o.CachingOperationNameGenerator : Generating unique operation named: editUsingPOST_5
2022-08-04 09:02:16.888  INFO 24520 --- [main] .d.s.w.r.o.CachingOperationNameGenerator : Generating unique operation named: getAllUsingGET_4
2022-08-04 09:02:16.888  INFO 24520 --- [main] .d.s.w.r.o.CachingOperationNameGenerator : Generating unique operation named: getByConditionUsingGET_8
2022-08-04 09:02:16.888  INFO 24520 --- [main] .d.s.w.r.o.CachingOperationNameGenerator : Generating unique operation named: getByPageUsingGET_3
2022-08-04 09:02:16.903  INFO 24520 --- [main] .d.s.w.r.o.CachingOperationNameGenerator : Generating unique operation named: addUsingPOST_6
2022-08-04 09:02:16.903  INFO 24520 --- [main] .d.s.w.r.o.CachingOperationNameGenerator : Generating unique operation named: editUsingPOST_6
2022-08-04 09:02:16.903  INFO 24520 --- [main] .d.s.w.r.o.CachingOperationNameGenerator : Generating unique operation named: delByIdsUsingPOST_12
2022-08-04 09:02:16.903  INFO 24520 --- [main] .d.s.w.r.o.CachingOperationNameGenerator : Generating unique operation named: getByParentIdUsingGET_2
2022-08-04 09:02:16.903  INFO 24520 --- [main] .d.s.w.r.o.CachingOperationNameGenerator : Generating unique operation named: searchPermissionListUsingGET_1
2022-08-04 09:02:16.919  INFO 24520 --- [main] .d.s.w.r.o.CachingOperationNameGenerator : Generating unique operation named: getUsingGET_5
2022-08-04 09:02:16.919  INFO 24520 --- [main] .d.s.w.r.o.CachingOperationNameGenerator : Generating unique operation named: saveUsingPOST_4
2022-08-04 09:02:16.919  INFO 24520 --- [main] .d.s.w.r.o.CachingOperationNameGenerator : Generating unique operation named: updateUsingPUT_4
2022-08-04 09:02:16.919  WARN 24520 --- [main] s.d.s.w.r.p.ParameterDataTypeReader      : Trying to infer dataType java.lang.String[]
2022-08-04 09:02:16.919  INFO 24520 --- [main] .d.s.w.r.o.CachingOperationNameGenerator : Generating unique operation named: delByIdsUsingPOST_13
2022-08-04 09:02:16.919  INFO 24520 --- [main] .d.s.w.r.o.CachingOperationNameGenerator : Generating unique operation named: getAllUsingGET_5
2022-08-04 09:02:16.919  INFO 24520 --- [main] .d.s.w.r.o.CachingOperationNameGenerator : Generating unique operation named: getByConditionUsingGET_9
2022-08-04 09:02:16.919  INFO 24520 --- [main] .d.s.w.r.o.CachingOperationNameGenerator : Generating unique operation named: getByPageUsingGET_4
2022-08-04 09:02:16.935  INFO 24520 --- [main] .d.s.w.r.o.CachingOperationNameGenerator : Generating unique operation named: loginUsingGET_2
2022-08-04 09:02:16.935  INFO 24520 --- [main] .d.s.w.r.o.CachingOperationNameGenerator : Generating unique operation named: getAllByPageUsingGET_1
2022-08-04 09:02:16.935  INFO 24520 --- [main] .d.s.w.r.o.CachingOperationNameGenerator : Generating unique operation named: delAllUsingPOST_1
2022-08-04 09:02:16.953  INFO 24520 --- [main] .d.s.w.r.o.CachingOperationNameGenerator : Generating unique operation named: infoUsingGET_1
2022-08-04 09:02:16.955  INFO 24520 --- [main] .d.s.w.r.o.CachingOperationNameGenerator : Generating unique operation named: saveUsingPOST_5
2022-08-04 09:02:16.957  INFO 24520 --- [main] .d.s.w.r.o.CachingOperationNameGenerator : Generating unique operation named: getAllByPageUsingGET_2
2022-08-04 09:02:16.957  INFO 24520 --- [main] .d.s.w.r.o.CachingOperationNameGenerator : Generating unique operation named: editUsingPOST_7
2022-08-04 09:02:16.957  INFO 24520 --- [main] .d.s.w.r.o.CachingOperationNameGenerator : Generating unique operation named: saveUsingPOST_6
2022-08-04 09:02:16.957  INFO 24520 --- [main] .d.s.w.r.o.CachingOperationNameGenerator : Generating unique operation named: delByIdsUsingPOST_14
2022-08-04 09:02:17.019  INFO 24520 --- [main] .d.s.w.r.o.CachingOperationNameGenerator : Generating unique operation named: delByIdsUsingPOST_15
2022-08-04 09:02:17.019  INFO 24520 --- [main] .d.s.w.r.o.CachingOperationNameGenerator : Generating unique operation named: saveUsingPOST_7
2022-08-04 09:02:17.019  INFO 24520 --- [main] .d.s.w.r.o.CachingOperationNameGenerator : Generating unique operation named: delByIdsUsingPOST_16
2022-08-04 09:02:17.019  INFO 24520 --- [main] .d.s.w.r.o.CachingOperationNameGenerator : Generating unique operation named: getByConditionUsingGET_10
2022-08-04 09:02:17.035  INFO 24520 --- [main] .d.s.w.r.o.CachingOperationNameGenerator : Generating unique operation named: addUsingPOST_7
2022-08-04 09:02:17.035  INFO 24520 --- [main] .d.s.w.r.o.CachingOperationNameGenerator : Generating unique operation named: delAllByIdsUsingPOST_1
2022-08-04 09:02:17.051  INFO 24520 --- [main] .d.s.w.r.o.CachingOperationNameGenerator : Generating unique operation named: editUsingPOST_8
2022-08-04 09:02:17.056  INFO 24520 --- [main] .d.s.w.r.o.CachingOperationNameGenerator : Generating unique operation named: getAllUsingGET_6
2022-08-04 09:02:17.056  INFO 24520 --- [main] .d.s.w.r.o.CachingOperationNameGenerator : Generating unique operation named: getByConditionUsingGET_11
2022-08-04 09:02:17.056  INFO 24520 --- [main] .d.s.w.r.o.CachingOperationNameGenerator : Generating unique operation named: getByConditionUsingGET_12
2022-08-04 09:02:17.074  INFO 24520 --- [main] .d.s.w.r.o.CachingOperationNameGenerator : Generating unique operation named: loginUsingGET_3
2022-08-04 09:02:17.076  INFO 24520 --- [main] .d.s.w.r.o.CachingOperationNameGenerator : Generating unique operation named: callbackUsingGET_2
2022-08-04 09:02:17.078  INFO 24520 --- [main] .d.s.w.r.o.CachingOperationNameGenerator : Generating unique operation named: loginUsingGET_4
2022-08-04 09:02:17.079  INFO 24520 --- [main] .d.s.w.r.o.CachingOperationNameGenerator : Generating unique operation named: callbackUsingGET_3
2022-08-04 09:02:17.080  INFO 24520 --- [main] .d.s.w.r.o.CachingOperationNameGenerator : Generating unique operation named: loginUsingGET_5
2022-08-04 09:02:17.084  INFO 24520 --- [main] .d.s.w.r.o.CachingOperationNameGenerator : Generating unique operation named: callbackUsingGET_4
2022-08-04 09:02:17.166  INFO 24520 --- [main] s.d.s.w.s.ApiListingReferenceScanner     : Scanning for api listing references
2022-08-04 09:02:17.182  INFO 24520 --- [main] .d.s.w.r.o.CachingOperationNameGenerator : Generating unique operation named: addUsingPOST_8
2022-08-04 09:02:17.182  INFO 24520 --- [main] .d.s.w.r.o.CachingOperationNameGenerator : Generating unique operation named: delAllByIdsUsingPOST_2
2022-08-04 09:02:17.182  INFO 24520 --- [main] .d.s.w.r.o.CachingOperationNameGenerator : Generating unique operation named: disableUsingPOST_1
2022-08-04 09:02:17.182  INFO 24520 --- [main] .d.s.w.r.o.CachingOperationNameGenerator : Generating unique operation named: editUsingPOST_9
2022-08-04 09:02:17.197  INFO 24520 --- [main] .d.s.w.r.o.CachingOperationNameGenerator : Generating unique operation named: getByConditionUsingGET_13
2022-08-04 09:02:17.197  INFO 24520 --- [main] .d.s.w.r.o.CachingOperationNameGenerator : Generating unique operation named: getUserInfoUsingGET_1
2022-08-04 09:02:17.197  INFO 24520 --- [main] o.s.m.s.b.SimpleBrokerMessageHandler     : Starting...
2022-08-04 09:02:17.197  INFO 24520 --- [main] o.s.m.s.b.SimpleBrokerMessageHandler     : BrokerAvailabilityEvent[available=true, SimpleBrokerMessageHandler [org.springframework.messaging.simp.broker.DefaultSubscriptionRegistry@581f551f]]
2022-08-04 09:02:17.197  INFO 24520 --- [main] o.s.m.s.b.SimpleBrokerMessageHandler     : Started.
2022-08-04 09:02:17.197  INFO 24520 --- [main] o.s.s.quartz.SchedulerFactoryBean        : Starting Quartz Scheduler now
2022-08-04 09:02:17.229  INFO 24520 --- [main] o.s.s.quartz.LocalDataSourceJobStore     : Freed 0 triggers from 'acquired' / 'blocked' state.
2022-08-04 09:02:17.244  INFO 24520 --- [main] o.s.s.quartz.LocalDataSourceJobStore     : Recovering 0 jobs that were in-progress at the time of the last shut-down.
2022-08-04 09:02:17.244  INFO 24520 --- [main] o.s.s.quartz.LocalDataSourceJobStore     : Recovery complete.
2022-08-04 09:02:17.244  INFO 24520 --- [main] o.s.s.quartz.LocalDataSourceJobStore     : Removed 0 'complete' triggers.
2022-08-04 09:02:17.260  INFO 24520 --- [main] o.s.s.quartz.LocalDataSourceJobStore     : Removed 0 stale fired job entries.
2022-08-04 09:02:17.260  INFO 24520 --- [main] org.quartz.core.QuartzScheduler          : Scheduler quartzScheduler_$_NON_CLUSTERED started.
2022-08-04 09:02:17.291  INFO 24520 --- [main] cn.exrick.xboot.XbootApplication         : Started XbootApplication in 31.13 seconds (JVM running for 37.058)
2022-08-04 09:02:17.487  INFO 24520 --- [http-nio-8888-exec-1] o.a.c.c.C.[Tomcat].[localhost].[/]       : Initializing Spring DispatcherServlet 'dispatcherServlet'
2022-08-04 09:02:17.487  INFO 24520 --- [http-nio-8888-exec-1] o.s.web.servlet.DispatcherServlet        : Initializing Servlet 'dispatcherServlet'
2022-08-04 09:02:17.503  INFO 24520 --- [http-nio-8888-exec-1] o.s.web.servlet.DispatcherServlet        : Completed initialization in 16 ms
2022-08-04 09:02:18.356  INFO 24520 --- [registrationTask1] d.c.b.a.c.r.ApplicationRegistrator       : Application registered itself as 9c8f73e1b20a
2022-08-04 09:03:12.913  INFO 24520 --- [MessageBroker-1] o.s.w.s.c.WebSocketMessageBrokerStats    : WebSocketSession[0 current WS(0)-HttpStream(0)-HttpPoll(0), 0 total, 0 closed abnormally (0 connect failure, 0 send limit, 0 transport error)], stompSubProtocol[processed CONNECT(0)-CONNECTED(0)-DISCONNECT(0)], stompBrokerRelay[null], inboundChannel[pool size = 0, active threads = 0, queued tasks = 0, completed tasks = 0], outboundChannel[pool size = 0, active threads = 0, queued tasks = 0, completed tasks = 0], sockJsScheduler[pool size = 2, active threads = 1, queued tasks = 1, completed tasks = 0]
2022-08-04 09:06:09.922  INFO 24520 --- [http-nio-8888-exec-10] o.apache.tomcat.util.http.parser.Cookie  : A cookie header was received [Hm_lvt_64e52d9ed8f5acc3eb7d60058e2fb7ab=1658884630,1658973329,1659060905,1659075920] that contained an invalid cookie. That cookie will be ignored.
 Note: further occurrences of this error will be logged at DEBUG level.
2022-08-04 09:33:12.914  INFO 24520 --- [MessageBroker-3] o.s.w.s.c.WebSocketMessageBrokerStats    : WebSocketSession[1 current WS(1)-HttpStream(0)-HttpPoll(0), 1 total, 0 closed abnormally (0 connect failure, 0 send limit, 0 transport error)], stompSubProtocol[processed CONNECT(1)-CONNECTED(1)-DISCONNECT(0)], stompBrokerRelay[null], inboundChannel[pool size = 1, active threads = 0, queued tasks = 0, completed tasks = 10], outboundChannel[pool size = 1, active threads = 0, queued tasks = 0, completed tasks = 10], sockJsScheduler[pool size = 8, active threads = 1, queued tasks = 3, completed tasks = 388]
